#
# There is insufficient memory for the Java Runtime Environment to continue.
# Native memory allocation (mmap) failed to map 130023424 bytes for G1 virtual space
# Possible reasons:
#   The system is out of physical RAM or swap space
#   The process is running with CompressedOops enabled, and the Java Heap may be blocking the growth of the native heap
# Possible solutions:
#   Reduce memory load on the system
#   Increase physical memory or swap space
#   Check if swap backing store is full
#   Decrease Java heap size (-Xmx/-Xms)
#   Decrease number of Java threads
#   Decrease Java thread stack sizes (-Xss)
#   Set larger code cache with -XX:ReservedCodeCacheSize=
#   JVM is running with Unscaled Compressed Oops mode in which the Java heap is
#     placed in the first 4GB address space. The Java Heap base address is the
#     maximum limit for the native heap growth. Please use -XX:HeapBaseMinAddress
#     to set the Java Heap base and to place the Java Heap above 4GB virtual address.
# This output file may be truncated or incomplete.
#
#  Out of Memory Error (./open/src/hotspot/os/windows/os_windows.cpp:3472), pid=12368, tid=2596
#
# JRE version:  (15.0.1+9) (build )
# Java VM: Java HotSpot(TM) 64-Bit Server VM (15.0.1+9-18, mixed mode, sharing, tiered, compressed oops, g1 gc, windows-amd64)
# No core dump will be written. Minidumps are not enabled by default on client versions of Windows
#

---------------  S U M M A R Y ------------

Command Line: -XX:+ShowCodeDetailsInExceptionMessages Explore

Host: Intel(R) Core(TM) i5 CPU       M 540  @ 2.53GHz, 4 cores, 7G,  Windows 10 , 64 bit Build 19041 (10.0.19041.1889)
Time: Wed Nov  9 08:23:18 2022 SE Asia Standard Time elapsed time: 0.065298 seconds (0d 0h 0m 0s)

---------------  T H R E A D  ---------------

Current thread (0x0000026b145a2720):  JavaThread "Unknown thread" [_thread_in_vm, id=2596, stack(0x000000f737000000,0x000000f737100000)]

Stack: [0x000000f737000000,0x000000f737100000]
Native frames: (J=compiled Java code, j=interpreted, Vv=VM code, C=native code)
V  [jvm.dll+0x62ae9a]
V  [jvm.dll+0x781389]
V  [jvm.dll+0x782ae3]
V  [jvm.dll+0x783143]
V  [jvm.dll+0x216265]
V  [jvm.dll+0x6281d9]
V  [jvm.dll+0x61cd15]
V  [jvm.dll+0x2d01fd]
V  [jvm.dll+0x2d0062]
V  [jvm.dll+0x2d603c]
V  [jvm.dll+0x325b2a]
V  [jvm.dll+0x3251f4]
V  [jvm.dll+0x2a717a]
V  [jvm.dll+0x2a8318]
V  [jvm.dll+0x75e101]
V  [jvm.dll+0x3343e4]
V  [jvm.dll+0x73e826]
V  [jvm.dll+0x3b7777]
V  [jvm.dll+0x3b9201]
C  [jli.dll+0x52fb]
C  [ucrtbase.dll+0x21bb2]
C  [KERNEL32.DLL+0x17034]
C  [ntdll.dll+0x526a1]


---------------  P R O C E S S  ---------------

Threads class SMR info:
_java_thread_list=0x00007ffdf31a4ff0, length=0, elements={
}

Java Threads: ( => current thread )

Other Threads:
  0x0000026b145e12d0 GCTaskThread "GC Thread#0" [stack: 0x000000f737100000,0x000000f737200000] [id=624]
  0x0000026b145f29f0 ConcurrentGCThread "G1 Main Marker" [stack: 0x000000f737200000,0x000000f737300000] [id=4116]
  0x0000026b145f35e0 ConcurrentGCThread "G1 Conc#0" [stack: 0x000000f737300000,0x000000f737400000] [id=644]

[error occurred during error reporting (printing all threads), id 0xc0000005, EXCEPTION_ACCESS_VIOLATION (0xc0000005) at pc=0x00007ffdf2998047]

VM state: not at safepoint (not fully initialized)

VM Mutex/Monitor currently owned by a thread:  ([mutex/lock_event])
[0x0000026b1459d010] Heap_lock - owner thread: 0x0000026b145a2720

Heap address: 0x0000000085200000, size: 1966 MB, Compressed Oops mode: 32-bit
CDS archive(s) mapped at: [0x0000000000000000-0x0000000000000000-0x0000000000000000), size 0, SharedBaseAddress: 0x0000000800000000, ArchiveRelocationMode: 0.
Narrow klass base: 0x0000000000000000, Narrow klass shift: 0, Narrow klass range: 0x0

Heap:
 garbage-first heap   total 126976K, used 0K [0x0000000085200000, 0x0000000100000000)
  region size 1024K, 0 young (0K), 0 survivors (0K)
 Metaspace       used 0K, capacity 0K, committed 0K, reserved 0K
  class space    used 0K, capacity 0K, committed 0K, reserved 0K

Heap Regions: E=young(eden), S=young(survivor), O=old, HS=humongous(starts), HC=humongous(continues), CS=collection set, F=free, OA=open archive, CA=closed archive, TAMS=top-at-mark-start (previous, next)

Card table byte_map: [0x0000026b2bbc0000,0x0000026b2bfa0000] _byte_map_base: 0x0000026b2b797000

Marking Bits (Prev, Next): (CMBitMap*) 0x0000026b145e2ad0, (CMBitMap*) 0x0000026b145e2b10
 Prev Bits: [0x0000026b2c380000, 0x0000026b2e238000)
 Next Bits: [0x0000026b2e240000, 0x0000026b300f8000)

GC Heap History (0 events):
No events

Deoptimization events (0 events):
No events

Classes unloaded (0 events):
No events

Classes redefined (0 events):
No events

Internal exceptions (0 events):
No events

Events (1 events):
Event: 0.027 Loaded shared library C:\Program Files\Java\jdk-15.0.1\bin\java.dll


Dynamic libraries:
0x00007ff7500f0000 - 0x00007ff7500ff000 	C:\Program Files\Java\jdk-15.0.1\bin\java.exe
0x00007ffe54490000 - 0x00007ffe54688000 	C:\Windows\SYSTEM32\ntdll.dll
0x00007ffe53e20000 - 0x00007ffe53edd000 	C:\Windows\System32\KERNEL32.DLL
0x00007ffe52210000 - 0x00007ffe524e2000 	C:\Windows\System32\KERNELBASE.dll
0x00007ffe51ba0000 - 0x00007ffe51ca0000 	C:\Windows\System32\ucrtbase.dll
0x00007ffe46fc0000 - 0x00007ffe46fd8000 	C:\Program Files\Java\jdk-15.0.1\bin\jli.dll
0x00007ffe53c90000 - 0x00007ffe53d3e000 	C:\Windows\System32\ADVAPI32.dll
0x00007ffe52690000 - 0x00007ffe5272e000 	C:\Windows\System32\msvcrt.dll
0x00007ffe54280000 - 0x00007ffe5431c000 	C:\Windows\System32\sechost.dll
0x00007ffe53b60000 - 0x00007ffe53c85000 	C:\Windows\System32\RPCRT4.dll
0x00007ffe53140000 - 0x00007ffe532dd000 	C:\Windows\System32\USER32.dll
0x00007ffe51e50000 - 0x00007ffe51e72000 	C:\Windows\System32\win32u.dll
0x00007ffe53340000 - 0x00007ffe5336b000 	C:\Windows\System32\GDI32.dll
0x00007ffe51cd0000 - 0x00007ffe51ddf000 	C:\Windows\System32\gdi32full.dll
0x00007ffe52170000 - 0x00007ffe5220d000 	C:\Windows\System32\msvcp_win.dll
0x00007ffe471a0000 - 0x00007ffe471b9000 	C:\Program Files\Java\jdk-15.0.1\bin\VCRUNTIME140.dll
0x00007ffe42a30000 - 0x00007ffe42cca000 	C:\Windows\WinSxS\amd64_microsoft.windows.common-controls_6595b64144ccf1df_6.0.19041.1110_none_60b5254171f9507e\COMCTL32.dll
0x00007ffe46c80000 - 0x00007ffe46c8a000 	C:\Windows\SYSTEM32\VERSION.dll
0x00007ffe53040000 - 0x00007ffe53070000 	C:\Windows\System32\IMM32.DLL
0x00007ffe4cfe0000 - 0x00007ffe4cfec000 	C:\Program Files\Java\jdk-15.0.1\bin\vcruntime140_1.dll
0x00007ffe0fac0000 - 0x00007ffe0fb51000 	C:\Program Files\Java\jdk-15.0.1\bin\msvcp140.dll
0x00007ffdf26e0000 - 0x00007ffdf323e000 	C:\Program Files\Java\jdk-15.0.1\bin\server\jvm.dll
0x00007ffe53b50000 - 0x00007ffe53b58000 	C:\Windows\System32\PSAPI.DLL
0x00007ffe2bcc0000 - 0x00007ffe2bcc9000 	C:\Windows\SYSTEM32\WSOCK32.dll
0x00007ffe52620000 - 0x00007ffe5268b000 	C:\Windows\System32\WS2_32.dll
0x00007ffe37980000 - 0x00007ffe379a7000 	C:\Windows\SYSTEM32\WINMM.dll
0x00007ffe4fa20000 - 0x00007ffe4fa32000 	C:\Windows\SYSTEM32\kernel.appcore.dll
0x00007ffe4a430000 - 0x00007ffe4a43a000 	C:\Program Files\Java\jdk-15.0.1\bin\jimage.dll
0x00007ffe4a830000 - 0x00007ffe4aa14000 	C:\Windows\SYSTEM32\DBGHELP.DLL
0x00007ffe3fdb0000 - 0x00007ffe3fddc000 	C:\Windows\SYSTEM32\dbgcore.DLL
0x00007ffe520e0000 - 0x00007ffe52162000 	C:\Windows\System32\bcryptPrimitives.dll
0x00007ffe45fd0000 - 0x00007ffe45ff5000 	C:\Program Files\Java\jdk-15.0.1\bin\java.dll

dbghelp: loaded successfully - version: 4.0.5 - missing functions: none
symbol engine: initialized successfully - sym options: 0x614 - pdb path: .;C:\Program Files\Java\jdk-15.0.1\bin;C:\Windows\SYSTEM32;C:\Windows\WinSxS\amd64_microsoft.windows.common-controls_6595b64144ccf1df_6.0.19041.1110_none_60b5254171f9507e;C:\Program Files\Java\jdk-15.0.1\bin\server

VM Arguments:
jvm_args: -XX:+ShowCodeDetailsInExceptionMessages 
java_command: Explore
java_class_path (initial): C:\Users\Debitos_Aspire\Desktop\Programmer\Java\Java-Praktek-master\JavaPraktek\bin
Launcher Type: SUN_STANDARD

[Global flags]
     intx CICompilerCount                          = 3                                         {product} {ergonomic}
     uint ConcGCThreads                            = 1                                         {product} {ergonomic}
     uint G1ConcRefinementThreads                  = 4                                         {product} {ergonomic}
   size_t G1HeapRegionSize                         = 1048576                                   {product} {ergonomic}
    uintx GCDrainStackTargetSize                   = 64                                        {product} {ergonomic}
   size_t InitialHeapSize                          = 130023424                                 {product} {ergonomic}
   size_t MarkStackSize                            = 4194304                                   {product} {ergonomic}
   size_t MaxHeapSize                              = 2061500416                                {product} {ergonomic}
   size_t MinHeapDeltaBytes                        = 1048576                                   {product} {ergonomic}
   size_t MinHeapSize                              = 8388608                                   {product} {ergonomic}
    uintx NonNMethodCodeHeapSize                   = 5832780                                {pd product} {ergonomic}
    uintx NonProfiledCodeHeapSize                  = 122912730                              {pd product} {ergonomic}
    uintx ProfiledCodeHeapSize                     = 122912730                              {pd product} {ergonomic}
    uintx ReservedCodeCacheSize                    = 251658240                              {pd product} {ergonomic}
     bool SegmentedCodeCache                       = true                                      {product} {ergonomic}
     bool ShowCodeDetailsInExceptionMessages       = true                                   {manageable} {command line}
   size_t SoftMaxHeapSize                          = 2061500416                             {manageable} {ergonomic}
     bool UseCompressedClassPointers               = true                                 {lp64_product} {ergonomic}
     bool UseCompressedOops                        = true                                 {lp64_product} {ergonomic}
     bool UseG1GC                                  = true                                      {product} {ergonomic}
     bool UseLargePagesIndividualAllocation        = false                                  {pd product} {ergonomic}

Logging:
Log output configuration:
 #0: stdout all=warning uptime,level,tags
 #1: stderr all=off uptime,level,tags

Environment Variables:
PATH=C:\Program Files\Microsoft\jdk-11.0.12.7-hotspot\bin;C:\Program Files\Common Files\Oracle\Java\javapath;C:\Windows\system32;C:\Windows;C:\Windows\System32\Wbem;C:\Windows\System32\WindowsPowerShell\v1.0\;C:\Windows\System32\OpenSSH\;C:\Program Files\Java\jdk-15.0.1\bin;C:\Program Files\mingw-w64\x86_64-8.1.0-posix-seh-rt_v6-rev0\mingw64\bin;C:\xampp\php;C:\ProgramData\ComposerSetup\bin;C:\Program Files\nodejs\;C:\xampp\mysql\bin;C:\Program Files\Microsoft SQL Server\130\Tools\Binn\;C:\Program Files\Microsoft SQL Server\Client SDK\ODBC\170\Tools\Binn\;C:\Program Files (x86)\Microsoft SQL Server\150\Tools\Binn\;C:\Program Files\Microsoft SQL Server\150\Tools\Binn\;C:\Program Files\Microsoft SQL Server\150\DTS\Binn\;C:\Program Files\Azure Data Studio\bin;C:\Program Files (x86)\Microsoft SQL Server\150\DTS\Binn\;C:\Program Files\dotnet\;C:\Program Files\Git\cmd;C:\Users\Debitos_Aspire\AppData\Local\Programs\Python\Python310\Scripts\;C:\Users\Debitos_Aspire\AppData\Local\Programs\Python\Python310\;C:\Users\Debitos_Aspire\AppData\Local\Microsoft\WindowsApps;;C:\Program Files\JetBrains\IntelliJ IDEA Community Edition 2020.3\bin;;C:\Users\Debitos_Aspire\AppData\Roaming\Composer\vendor\bin;C:\Users\Debitos_Aspire\AppData\Roaming\npm;C:\Program Files\Azure Data Studio\bin;C:\Program Files\Azure Data Studio\bin;C:\Users\Debitos_Aspire\AppData\Local\Programs\Microsoft VS Code\bin;C:\Users\Debitos_Aspire\.dotnet\tools
USERNAME=Debitos_Aspire
LANG=en_US.UTF-8
OS=Windows_NT
PROCESSOR_IDENTIFIER=Intel64 Family 6 Model 37 Stepping 2, GenuineIntel



---------------  S Y S T E M  ---------------

OS:
 Windows 10 , 64 bit Build 19041 (10.0.19041.1889)
OS uptime: 20 days 16:51 hours
HyperV virtualization detected

CPU: total 4 (initial active 4) (2 cores per cpu, 2 threads per core) family 6 model 37 stepping 2 microcode 0x11, cmov, cx8, fxsr, mmx, sse, sse2, sse3, ssse3, sse4.1, sse4.2, popcnt, aes, clmul, ht, tsc, tscinvbit, clflush

Memory: 4k page, system-wide physical 7862M (1578M free)
TotalPageFile size 7862M (AvailPageFile size 50M)
current process WorkingSet (physical memory assigned to process): 10M, peak: 10M
current process commit charge ("private bytes"): 51M, peak: 175M

vm_info: Java HotSpot(TM) 64-Bit Server VM (15.0.1+9-18) for windows-amd64 JRE (15.0.1+9-18), built on Sep 15 2020 14:43:54 by "mach5one" with unknown MS VC++:1925

END.
