#
# There is insufficient memory for the Java Runtime Environment to continue.
# Native memory allocation (mmap) failed to map 130023424 bytes for G1 virtual space
# Possible reasons:
#   The system is out of physical RAM or swap space
#   The process is running with CompressedOops enabled, and the Java Heap may be blocking the growth of the native heap
# Possible solutions:
#   Reduce memory load on the system
#   Increase physical memory or swap space
#   Check if swap backing store is full
#   Decrease Java heap size (-Xmx/-Xms)
#   Decrease number of Java threads
#   Decrease Java thread stack sizes (-Xss)
#   Set larger code cache with -XX:ReservedCodeCacheSize=
#   JVM is running with Unscaled Compressed Oops mode in which the Java heap is
#     placed in the first 4GB address space. The Java Heap base address is the
#     maximum limit for the native heap growth. Please use -XX:HeapBaseMinAddress
#     to set the Java Heap base and to place the Java Heap above 4GB virtual address.
# This output file may be truncated or incomplete.
#
#  Out of Memory Error (./open/src/hotspot/os/windows/os_windows.cpp:3472), pid=8200, tid=9936
#
# JRE version:  (15.0.1+9) (build )
# Java VM: Java HotSpot(TM) 64-Bit Server VM (15.0.1+9-18, mixed mode, sharing, tiered, compressed oops, g1 gc, windows-amd64)
# No core dump will be written. Minidumps are not enabled by default on client versions of Windows
#

---------------  S U M M A R Y ------------

Command Line: -XX:+ShowCodeDetailsInExceptionMessages Tugas6_13

Host: Intel(R) Core(TM) i5 CPU       M 540  @ 2.53GHz, 4 cores, 7G,  Windows 10 , 64 bit Build 19041 (10.0.19041.1889)
Time: Wed Oct 12 10:23:04 2022 SE Asia Standard Time elapsed time: 0.093778 seconds (0d 0h 0m 0s)

---------------  T H R E A D  ---------------

Current thread (0x00000276d4bb4210):  JavaThread "Unknown thread" [_thread_in_vm, id=9936, stack(0x000000a2e1700000,0x000000a2e1800000)]

Stack: [0x000000a2e1700000,0x000000a2e1800000]
Native frames: (J=compiled Java code, j=interpreted, Vv=VM code, C=native code)
V  [jvm.dll+0x62ae9a]
V  [jvm.dll+0x781389]
V  [jvm.dll+0x782ae3]
V  [jvm.dll+0x783143]
V  [jvm.dll+0x216265]
V  [jvm.dll+0x6281d9]
V  [jvm.dll+0x61cd15]
V  [jvm.dll+0x2d01fd]
V  [jvm.dll+0x2d0062]
V  [jvm.dll+0x2d603c]
V  [jvm.dll+0x325b2a]
V  [jvm.dll+0x3251f4]
V  [jvm.dll+0x2a717a]
V  [jvm.dll+0x2a8318]
V  [jvm.dll+0x75e101]
V  [jvm.dll+0x3343e4]
V  [jvm.dll+0x73e826]
V  [jvm.dll+0x3b7777]
V  [jvm.dll+0x3b9201]
C  [jli.dll+0x52fb]
C  [ucrtbase.dll+0x21bb2]
C  [KERNEL32.DLL+0x17034]
C  [ntdll.dll+0x52651]


---------------  P R O C E S S  ---------------

Threads class SMR info:
_java_thread_list=0x00007ffaf25a4ff0, length=0, elements={
}

Java Threads: ( => current thread )

Other Threads:
  0x00000276d4bf2c40 GCTaskThread "GC Thread#0" [stack: 0x000000a2e1800000,0x000000a2e1900000] [id=11452]
  0x00000276d4c034d0 ConcurrentGCThread "G1 Main Marker" [stack: 0x000000a2e1900000,0x000000a2e1a00000] [id=14284]
  0x00000276d4c050d0 ConcurrentGCThread "G1 Conc#0" [stack: 0x000000a2e1a00000,0x000000a2e1b00000] [id=13356]

[error occurred during error reporting (printing all threads), id 0xc0000005, EXCEPTION_ACCESS_VIOLATION (0xc0000005) at pc=0x00007ffaf1d98047]

VM state: not at safepoint (not fully initialized)

VM Mutex/Monitor currently owned by a thread:  ([mutex/lock_event])
[0x00000276d2b0b3e0] Heap_lock - owner thread: 0x00000276d4bb4210

Heap address: 0x0000000085200000, size: 1966 MB, Compressed Oops mode: 32-bit
CDS archive(s) mapped at: [0x0000000000000000-0x0000000000000000-0x0000000000000000), size 0, SharedBaseAddress: 0x0000000800000000, ArchiveRelocationMode: 0.
Narrow klass base: 0x0000000000000000, Narrow klass shift: 0, Narrow klass range: 0x0

Heap:
 garbage-first heap   total 126976K, used 0K [0x0000000085200000, 0x0000000100000000)
  region size 1024K, 0 young (0K), 0 survivors (0K)
 Metaspace       used 0K, capacity 0K, committed 0K, reserved 0K
  class space    used 0K, capacity 0K, committed 0K, reserved 0K

Heap Regions: E=young(eden), S=young(survivor), O=old, HS=humongous(starts), HC=humongous(continues), CS=collection set, F=free, OA=open archive, CA=closed archive, TAMS=top-at-mark-start (previous, next)

Card table byte_map: [0x00000276ec1d0000,0x00000276ec5b0000] _byte_map_base: 0x00000276ebda7000

Marking Bits (Prev, Next): (CMBitMap*) 0x00000276d4bf34b0, (CMBitMap*) 0x00000276d4bf34f0
 Prev Bits: [0x00000276ec990000, 0x00000276ee848000)
 Next Bits: [0x00000276ee850000, 0x00000276f0708000)

GC Heap History (0 events):
No events

Deoptimization events (0 events):
No events

Classes unloaded (0 events):
No events

Classes redefined (0 events):
No events

Internal exceptions (0 events):
No events

Events (1 events):
Event: 0.032 Loaded shared library C:\Program Files\Java\jdk-15.0.1\bin\java.dll


Dynamic libraries:
0x00007ff6ff2f0000 - 0x00007ff6ff2ff000 	C:\Program Files\Java\jdk-15.0.1\bin\java.exe
0x00007ffb4d7d0000 - 0x00007ffb4d9c8000 	C:\Windows\SYSTEM32\ntdll.dll
0x00007ffb4b940000 - 0x00007ffb4b9fd000 	C:\Windows\System32\KERNEL32.DLL
0x00007ffb4b150000 - 0x00007ffb4b41e000 	C:\Windows\System32\KERNELBASE.dll
0x00007ffb4b6c0000 - 0x00007ffb4b7c0000 	C:\Windows\System32\ucrtbase.dll
0x00007ffb46030000 - 0x00007ffb46048000 	C:\Program Files\Java\jdk-15.0.1\bin\jli.dll
0x00007ffb4ba90000 - 0x00007ffb4bb3e000 	C:\Windows\System32\ADVAPI32.dll
0x00007ffb4b830000 - 0x00007ffb4b8ce000 	C:\Windows\System32\msvcrt.dll
0x00007ffb4d5c0000 - 0x00007ffb4d65c000 	C:\Windows\System32\sechost.dll
0x00007ffb4d660000 - 0x00007ffb4d785000 	C:\Windows\System32\RPCRT4.dll
0x00007ffb4d420000 - 0x00007ffb4d5c0000 	C:\Windows\System32\USER32.dll
0x00007ffb4b420000 - 0x00007ffb4b442000 	C:\Windows\System32\win32u.dll
0x00007ffb4d3f0000 - 0x00007ffb4d41a000 	C:\Windows\System32\GDI32.dll
0x00007ffb4b450000 - 0x00007ffb4b55b000 	C:\Windows\System32\gdi32full.dll
0x00007ffb4b020000 - 0x00007ffb4b0bd000 	C:\Windows\System32\msvcp_win.dll
0x00007ffb45a00000 - 0x00007ffb45a19000 	C:\Program Files\Java\jdk-15.0.1\bin\VCRUNTIME140.dll
0x00007ffb3d1b0000 - 0x00007ffb3d44a000 	C:\Windows\WinSxS\amd64_microsoft.windows.common-controls_6595b64144ccf1df_6.0.19041.1110_none_60b5254171f9507e\COMCTL32.dll
0x00007ffb41050000 - 0x00007ffb4105a000 	C:\Windows\SYSTEM32\VERSION.dll
0x00007ffb4ba00000 - 0x00007ffb4ba30000 	C:\Windows\System32\IMM32.DLL
0x00007ffb46940000 - 0x00007ffb4694c000 	C:\Program Files\Java\jdk-15.0.1\bin\vcruntime140_1.dll
0x00007ffb443b0000 - 0x00007ffb44441000 	C:\Program Files\Java\jdk-15.0.1\bin\msvcp140.dll
0x00007ffaf1ae0000 - 0x00007ffaf263e000 	C:\Program Files\Java\jdk-15.0.1\bin\server\jvm.dll
0x00007ffb4bb50000 - 0x00007ffb4bb58000 	C:\Windows\System32\PSAPI.DLL
0x00007ffb2ad30000 - 0x00007ffb2ad39000 	C:\Windows\SYSTEM32\WSOCK32.dll
0x00007ffb4d1d0000 - 0x00007ffb4d23b000 	C:\Windows\System32\WS2_32.dll
0x00007ffb35850000 - 0x00007ffb35877000 	C:\Windows\SYSTEM32\WINMM.dll
0x00007ffb48db0000 - 0x00007ffb48dc2000 	C:\Windows\SYSTEM32\kernel.appcore.dll
0x00007ffb46250000 - 0x00007ffb4625a000 	C:\Program Files\Java\jdk-15.0.1\bin\jimage.dll
0x00007ffb44e70000 - 0x00007ffb45054000 	C:\Windows\SYSTEM32\DBGHELP.DLL
0x00007ffb43590000 - 0x00007ffb435bc000 	C:\Windows\SYSTEM32\dbgcore.DLL
0x00007ffb4b0c0000 - 0x00007ffb4b142000 	C:\Windows\System32\bcryptPrimitives.dll
0x00007ffb44380000 - 0x00007ffb443a5000 	C:\Program Files\Java\jdk-15.0.1\bin\java.dll

dbghelp: loaded successfully - version: 4.0.5 - missing functions: none
symbol engine: initialized successfully - sym options: 0x614 - pdb path: .;C:\Program Files\Java\jdk-15.0.1\bin;C:\Windows\SYSTEM32;C:\Windows\WinSxS\amd64_microsoft.windows.common-controls_6595b64144ccf1df_6.0.19041.1110_none_60b5254171f9507e;C:\Program Files\Java\jdk-15.0.1\bin\server

VM Arguments:
jvm_args: -XX:+ShowCodeDetailsInExceptionMessages 
java_command: Tugas6_13
java_class_path (initial): C:\Users\Debitos_Aspire\Desktop\Programmer\Java\Java-Praktek-master\JavaPraktek\bin
Launcher Type: SUN_STANDARD

[Global flags]
     intx CICompilerCount                          = 3                                         {product} {ergonomic}
     uint ConcGCThreads                            = 1                                         {product} {ergonomic}
     uint G1ConcRefinementThreads                  = 4                                         {product} {ergonomic}
   size_t G1HeapRegionSize                         = 1048576                                   {product} {ergonomic}
    uintx GCDrainStackTargetSize                   = 64                                        {product} {ergonomic}
   size_t InitialHeapSize                          = 130023424                                 {product} {ergonomic}
   size_t MarkStackSize                            = 4194304                                   {product} {ergonomic}
   size_t MaxHeapSize                              = 2061500416                                {product} {ergonomic}
   size_t MinHeapDeltaBytes                        = 1048576                                   {product} {ergonomic}
   size_t MinHeapSize                              = 8388608                                   {product} {ergonomic}
    uintx NonNMethodCodeHeapSize                   = 5832780                                {pd product} {ergonomic}
    uintx NonProfiledCodeHeapSize                  = 122912730                              {pd product} {ergonomic}
    uintx ProfiledCodeHeapSize                     = 122912730                              {pd product} {ergonomic}
    uintx ReservedCodeCacheSize                    = 251658240                              {pd product} {ergonomic}
     bool SegmentedCodeCache                       = true                                      {product} {ergonomic}
     bool ShowCodeDetailsInExceptionMessages       = true                                   {manageable} {command line}
   size_t SoftMaxHeapSize                          = 2061500416                             {manageable} {ergonomic}
     bool UseCompressedClassPointers               = true                                 {lp64_product} {ergonomic}
     bool UseCompressedOops                        = true                                 {lp64_product} {ergonomic}
     bool UseG1GC                                  = true                                      {product} {ergonomic}
     bool UseLargePagesIndividualAllocation        = false                                  {pd product} {ergonomic}

Logging:
Log output configuration:
 #0: stdout all=warning uptime,level,tags
 #1: stderr all=off uptime,level,tags

Environment Variables:
PATH=C:\Program Files\Microsoft\jdk-11.0.12.7-hotspot\bin;C:\Program Files\Common Files\Oracle\Java\javapath;C:\Windows\system32;C:\Windows;C:\Windows\System32\Wbem;C:\Windows\System32\WindowsPowerShell\v1.0\;C:\Windows\System32\OpenSSH\;C:\Program Files\Java\jdk-15.0.1\bin;C:\Program Files\mingw-w64\x86_64-8.1.0-posix-seh-rt_v6-rev0\mingw64\bin;C:\xampp\php;C:\ProgramData\ComposerSetup\bin;C:\Program Files\nodejs\;C:\xampp\mysql\bin;C:\Program Files\Microsoft SQL Server\130\Tools\Binn\;C:\Program Files\Microsoft SQL Server\Client SDK\ODBC\170\Tools\Binn\;C:\Program Files (x86)\Microsoft SQL Server\150\Tools\Binn\;C:\Program Files\Microsoft SQL Server\150\Tools\Binn\;C:\Program Files\Microsoft SQL Server\150\DTS\Binn\;C:\Program Files\Azure Data Studio\bin;C:\Program Files (x86)\Microsoft SQL Server\150\DTS\Binn\;C:\Program Files\dotnet\;C:\Program Files\Git\cmd;C:\Users\Debitos_Aspire\AppData\Local\Programs\Python\Python310\Scripts\;C:\Users\Debitos_Aspire\AppData\Local\Programs\Python\Python310\;C:\Users\Debitos_Aspire\AppData\Local\Microsoft\WindowsApps;;C:\Program Files\JetBrains\IntelliJ IDEA Community Edition 2020.3\bin;;C:\Users\Debitos_Aspire\AppData\Roaming\Composer\vendor\bin;C:\Users\Debitos_Aspire\AppData\Roaming\npm;C:\Program Files\Azure Data Studio\bin;C:\Program Files\Azure Data Studio\bin;C:\Users\Debitos_Aspire\AppData\Local\Programs\Microsoft VS Code\bin;C:\Users\Debitos_Aspire\.dotnet\tools
USERNAME=Debitos_Aspire
LANG=en_US.UTF-8
OS=Windows_NT
PROCESSOR_IDENTIFIER=Intel64 Family 6 Model 37 Stepping 2, GenuineIntel



---------------  S Y S T E M  ---------------

OS:
 Windows 10 , 64 bit Build 19041 (10.0.19041.1889)
OS uptime: 40 days 21:14 hours
HyperV virtualization detected

CPU: total 4 (initial active 4) (2 cores per cpu, 2 threads per core) family 6 model 37 stepping 2 microcode 0x11, cmov, cx8, fxsr, mmx, sse, sse2, sse3, ssse3, sse4.1, sse4.2, popcnt, aes, clmul, ht, tsc, tscinvbit, clflush

Memory: 4k page, system-wide physical 7862M (985M free)
TotalPageFile size 7862M (AvailPageFile size 18M)
current process WorkingSet (physical memory assigned to process): 10M, peak: 10M
current process commit charge ("private bytes"): 51M, peak: 175M

vm_info: Java HotSpot(TM) 64-Bit Server VM (15.0.1+9-18) for windows-amd64 JRE (15.0.1+9-18), built on Sep 15 2020 14:43:54 by "mach5one" with unknown MS VC++:1925

END.
