#
# There is insufficient memory for the Java Runtime Environment to continue.
# Native memory allocation (mmap) failed to map 130023424 bytes for G1 virtual space
# Possible reasons:
#   The system is out of physical RAM or swap space
#   The process is running with CompressedOops enabled, and the Java Heap may be blocking the growth of the native heap
# Possible solutions:
#   Reduce memory load on the system
#   Increase physical memory or swap space
#   Check if swap backing store is full
#   Decrease Java heap size (-Xmx/-Xms)
#   Decrease number of Java threads
#   Decrease Java thread stack sizes (-Xss)
#   Set larger code cache with -XX:ReservedCodeCacheSize=
#   JVM is running with Unscaled Compressed Oops mode in which the Java heap is
#     placed in the first 4GB address space. The Java Heap base address is the
#     maximum limit for the native heap growth. Please use -XX:HeapBaseMinAddress
#     to set the Java Heap base and to place the Java Heap above 4GB virtual address.
# This output file may be truncated or incomplete.
#
#  Out of Memory Error (./open/src/hotspot/os/windows/os_windows.cpp:3472), pid=4288, tid=7336
#
# JRE version:  (15.0.1+9) (build )
# Java VM: Java HotSpot(TM) 64-Bit Server VM (15.0.1+9-18, mixed mode, sharing, tiered, compressed oops, g1 gc, windows-amd64)
# No core dump will be written. Minidumps are not enabled by default on client versions of Windows
#

---------------  S U M M A R Y ------------

Command Line: -XX:+ShowCodeDetailsInExceptionMessages Tugas9_1

Host: Intel(R) Core(TM) i5 CPU       M 540  @ 2.53GHz, 4 cores, 7G,  Windows 10 , 64 bit Build 19041 (10.0.19041.2251)
Time: Wed Dec 14 10:17:58 2022 SE Asia Standard Time elapsed time: 0.058705 seconds (0d 0h 0m 0s)

---------------  T H R E A D  ---------------

Current thread (0x0000023aaec82cb0):  JavaThread "Unknown thread" [_thread_in_vm, id=7336, stack(0x000000b09cd00000,0x000000b09ce00000)]

Stack: [0x000000b09cd00000,0x000000b09ce00000]
Native frames: (J=compiled Java code, j=interpreted, Vv=VM code, C=native code)
V  [jvm.dll+0x62ae9a]
V  [jvm.dll+0x781389]
V  [jvm.dll+0x782ae3]
V  [jvm.dll+0x783143]
V  [jvm.dll+0x216265]
V  [jvm.dll+0x6281d9]
V  [jvm.dll+0x61cd15]
V  [jvm.dll+0x2d01fd]
V  [jvm.dll+0x2d0062]
V  [jvm.dll+0x2d603c]
V  [jvm.dll+0x325b2a]
V  [jvm.dll+0x3251f4]
V  [jvm.dll+0x2a717a]
V  [jvm.dll+0x2a8318]
V  [jvm.dll+0x75e101]
V  [jvm.dll+0x3343e4]
V  [jvm.dll+0x73e826]
V  [jvm.dll+0x3b7777]
V  [jvm.dll+0x3b9201]
C  [jli.dll+0x52fb]
C  [ucrtbase.dll+0x21bb2]
C  [KERNEL32.DLL+0x174b4]
C  [ntdll.dll+0x526a1]


---------------  P R O C E S S  ---------------

Threads class SMR info:
_java_thread_list=0x00007ffcbf544ff0, length=0, elements={
}

Java Threads: ( => current thread )

Other Threads:
  0x0000023aaecc19d0 GCTaskThread "GC Thread#0" [stack: 0x000000b09ce00000,0x000000b09cf00000] [id=1092]
  0x0000023aaecd20e0 ConcurrentGCThread "G1 Main Marker" [stack: 0x000000b09cf00000,0x000000b09d000000] [id=2552]
  0x0000023aaecd2cd0 ConcurrentGCThread "G1 Conc#0" [stack: 0x000000b09d000000,0x000000b09d100000] [id=12292]

[error occurred during error reporting (printing all threads), id 0xc0000005, EXCEPTION_ACCESS_VIOLATION (0xc0000005) at pc=0x00007ffcbed38047]

VM state: not at safepoint (not fully initialized)

VM Mutex/Monitor currently owned by a thread:  ([mutex/lock_event])
[0x0000023aaec7e2b0] Heap_lock - owner thread: 0x0000023aaec82cb0

Heap address: 0x0000000085200000, size: 1966 MB, Compressed Oops mode: 32-bit
CDS archive(s) mapped at: [0x0000000000000000-0x0000000000000000-0x0000000000000000), size 0, SharedBaseAddress: 0x0000000800000000, ArchiveRelocationMode: 0.
Narrow klass base: 0x0000000000000000, Narrow klass shift: 0, Narrow klass range: 0x0

Heap:
 garbage-first heap   total 126976K, used 0K [0x0000000085200000, 0x0000000100000000)
  region size 1024K, 0 young (0K), 0 survivors (0K)
 Metaspace       used 0K, capacity 0K, committed 0K, reserved 0K
  class space    used 0K, capacity 0K, committed 0K, reserved 0K

Heap Regions: E=young(eden), S=young(survivor), O=old, HS=humongous(starts), HC=humongous(continues), CS=collection set, F=free, OA=open archive, CA=closed archive, TAMS=top-at-mark-start (previous, next)

Card table byte_map: [0x0000023ac62a0000,0x0000023ac6680000] _byte_map_base: 0x0000023ac5e77000

Marking Bits (Prev, Next): (CMBitMap*) 0x0000023aaecc21c0, (CMBitMap*) 0x0000023aaecc2200
 Prev Bits: [0x0000023ac6a60000, 0x0000023ac8918000)
 Next Bits: [0x0000023ac8920000, 0x0000023aca7d8000)

GC Heap History (0 events):
No events

Deoptimization events (0 events):
No events

Classes unloaded (0 events):
No events

Classes redefined (0 events):
No events

Internal exceptions (0 events):
No events

Events (1 events):
Event: 0.023 Loaded shared library C:\Program Files\Java\jdk-15.0.1\bin\java.dll


Dynamic libraries:
0x00007ff7e7870000 - 0x00007ff7e787f000 	C:\Program Files\Java\jdk-15.0.1\bin\java.exe
0x00007ffd1d530000 - 0x00007ffd1d728000 	C:\Windows\SYSTEM32\ntdll.dll
0x00007ffd1c8b0000 - 0x00007ffd1c96f000 	C:\Windows\System32\KERNEL32.DLL
0x00007ffd1b090000 - 0x00007ffd1b362000 	C:\Windows\System32\KERNELBASE.dll
0x00007ffd1b3a0000 - 0x00007ffd1b4a0000 	C:\Windows\System32\ucrtbase.dll
0x00007ffd13220000 - 0x00007ffd13238000 	C:\Program Files\Java\jdk-15.0.1\bin\jli.dll
0x00007ffd1c140000 - 0x00007ffd1c1ee000 	C:\Windows\System32\ADVAPI32.dll
0x00007ffd1c200000 - 0x00007ffd1c29e000 	C:\Windows\System32\msvcrt.dll
0x00007ffd1c810000 - 0x00007ffd1c8ac000 	C:\Windows\System32\sechost.dll
0x00007ffd1b580000 - 0x00007ffd1b6a5000 	C:\Windows\System32\RPCRT4.dll
0x00007ffd1c670000 - 0x00007ffd1c80d000 	C:\Windows\System32\USER32.dll
0x00007ffd1b370000 - 0x00007ffd1b392000 	C:\Windows\System32\win32u.dll
0x00007ffd1c2a0000 - 0x00007ffd1c2cb000 	C:\Windows\System32\GDI32.dll
0x00007ffd1ad40000 - 0x00007ffd1ae4f000 	C:\Windows\System32\gdi32full.dll
0x00007ffd12f80000 - 0x00007ffd12f99000 	C:\Program Files\Java\jdk-15.0.1\bin\VCRUNTIME140.dll
0x00007ffd1ac30000 - 0x00007ffd1accd000 	C:\Windows\System32\msvcp_win.dll
0x00007ffd0c1f0000 - 0x00007ffd0c48a000 	C:\Windows\WinSxS\amd64_microsoft.windows.common-controls_6595b64144ccf1df_6.0.19041.1110_none_60b5254171f9507e\COMCTL32.dll
0x00007ffd0e450000 - 0x00007ffd0e45a000 	C:\Windows\SYSTEM32\VERSION.dll
0x00007ffd1c630000 - 0x00007ffd1c662000 	C:\Windows\System32\IMM32.DLL
0x00007ffd16ae0000 - 0x00007ffd16aec000 	C:\Program Files\Java\jdk-15.0.1\bin\vcruntime140_1.dll
0x00007ffd0f500000 - 0x00007ffd0f591000 	C:\Program Files\Java\jdk-15.0.1\bin\msvcp140.dll
0x00007ffcbea80000 - 0x00007ffcbf5de000 	C:\Program Files\Java\jdk-15.0.1\bin\server\jvm.dll
0x00007ffd1bcb0000 - 0x00007ffd1bcb8000 	C:\Windows\System32\PSAPI.DLL
0x00007ffcfa580000 - 0x00007ffcfa589000 	C:\Windows\SYSTEM32\WSOCK32.dll
0x00007ffd1d340000 - 0x00007ffd1d3ab000 	C:\Windows\System32\WS2_32.dll
0x00007ffd002f0000 - 0x00007ffd00317000 	C:\Windows\SYSTEM32\WINMM.dll
0x00007ffd18ab0000 - 0x00007ffd18ac2000 	C:\Windows\SYSTEM32\kernel.appcore.dll
0x00007ffd16ac0000 - 0x00007ffd16aca000 	C:\Program Files\Java\jdk-15.0.1\bin\jimage.dll
0x00007ffd12320000 - 0x00007ffd12504000 	C:\Windows\SYSTEM32\DBGHELP.DLL
0x00007ffd08c40000 - 0x00007ffd08c6c000 	C:\Windows\SYSTEM32\dbgcore.DLL
0x00007ffd1b4f0000 - 0x00007ffd1b572000 	C:\Windows\System32\bcryptPrimitives.dll
0x00007ffd15dd0000 - 0x00007ffd15df5000 	C:\Program Files\Java\jdk-15.0.1\bin\java.dll

dbghelp: loaded successfully - version: 4.0.5 - missing functions: none
symbol engine: initialized successfully - sym options: 0x614 - pdb path: .;C:\Program Files\Java\jdk-15.0.1\bin;C:\Windows\SYSTEM32;C:\Windows\WinSxS\amd64_microsoft.windows.common-controls_6595b64144ccf1df_6.0.19041.1110_none_60b5254171f9507e;C:\Program Files\Java\jdk-15.0.1\bin\server

VM Arguments:
jvm_args: -XX:+ShowCodeDetailsInExceptionMessages 
java_command: Tugas9_1
java_class_path (initial): C:\Users\Debitos_Aspire\Desktop\Programmer\Java\Java-Praktek-master\JavaPraktek\bin
Launcher Type: SUN_STANDARD

[Global flags]
     intx CICompilerCount                          = 3                                         {product} {ergonomic}
     uint ConcGCThreads                            = 1                                         {product} {ergonomic}
     uint G1ConcRefinementThreads                  = 4                                         {product} {ergonomic}
   size_t G1HeapRegionSize                         = 1048576                                   {product} {ergonomic}
    uintx GCDrainStackTargetSize                   = 64                                        {product} {ergonomic}
   size_t InitialHeapSize                          = 130023424                                 {product} {ergonomic}
   size_t MarkStackSize                            = 4194304                                   {product} {ergonomic}
   size_t MaxHeapSize                              = 2061500416                                {product} {ergonomic}
   size_t MinHeapDeltaBytes                        = 1048576                                   {product} {ergonomic}
   size_t MinHeapSize                              = 8388608                                   {product} {ergonomic}
    uintx NonNMethodCodeHeapSize                   = 5832780                                {pd product} {ergonomic}
    uintx NonProfiledCodeHeapSize                  = 122912730                              {pd product} {ergonomic}
    uintx ProfiledCodeHeapSize                     = 122912730                              {pd product} {ergonomic}
    uintx ReservedCodeCacheSize                    = 251658240                              {pd product} {ergonomic}
     bool SegmentedCodeCache                       = true                                      {product} {ergonomic}
     bool ShowCodeDetailsInExceptionMessages       = true                                   {manageable} {command line}
   size_t SoftMaxHeapSize                          = 2061500416                             {manageable} {ergonomic}
     bool UseCompressedClassPointers               = true                                 {lp64_product} {ergonomic}
     bool UseCompressedOops                        = true                                 {lp64_product} {ergonomic}
     bool UseG1GC                                  = true                                      {product} {ergonomic}
     bool UseLargePagesIndividualAllocation        = false                                  {pd product} {ergonomic}

Logging:
Log output configuration:
 #0: stdout all=warning uptime,level,tags
 #1: stderr all=off uptime,level,tags

Environment Variables:
PATH=C:\Program Files\Microsoft\jdk-11.0.12.7-hotspot\bin;C:\Program Files\Common Files\Oracle\Java\javapath;C:\Windows\system32;C:\Windows;C:\Windows\System32\Wbem;C:\Windows\System32\WindowsPowerShell\v1.0\;C:\Windows\System32\OpenSSH\;C:\Program Files\Java\jdk-15.0.1\bin;C:\Program Files\mingw-w64\x86_64-8.1.0-posix-seh-rt_v6-rev0\mingw64\bin;C:\xampp\php;C:\ProgramData\ComposerSetup\bin;C:\Program Files\nodejs\;C:\xampp\mysql\bin;C:\Program Files\Microsoft SQL Server\130\Tools\Binn\;C:\Program Files\Microsoft SQL Server\Client SDK\ODBC\170\Tools\Binn\;C:\Program Files (x86)\Microsoft SQL Server\150\Tools\Binn\;C:\Program Files\Microsoft SQL Server\150\Tools\Binn\;C:\Program Files\Microsoft SQL Server\150\DTS\Binn\;C:\Program Files\Azure Data Studio\bin;C:\Program Files (x86)\Microsoft SQL Server\150\DTS\Binn\;C:\Program Files\dotnet\;C:\Program Files\Git\cmd;C:\Program Files\MySQL\MySQL Shell 8.0\bin\;C:\Users\Debitos_Aspire\AppData\Local\Programs\Python\Python310\Scripts\;C:\Users\Debitos_Aspire\AppData\Local\Programs\Python\Python310\;C:\Users\Debitos_Aspire\AppData\Local\Microsoft\WindowsApps;;C:\Program Files\JetBrains\IntelliJ IDEA Community Edition 2020.3\bin;;C:\Users\Debitos_Aspire\AppData\Roaming\Composer\vendor\bin;C:\Users\Debitos_Aspire\AppData\Roaming\npm;C:\Program Files\Azure Data Studio\bin;C:\Program Files\Azure Data Studio\bin;C:\Users\Debitos_Aspire\AppData\Local\Programs\Microsoft VS Code\bin;C:\Users\Debitos_Aspire\.dotnet\tools
USERNAME=Debitos_Aspire
LANG=en_ID.UTF-8
OS=Windows_NT
PROCESSOR_IDENTIFIER=Intel64 Family 6 Model 37 Stepping 2, GenuineIntel



---------------  S Y S T E M  ---------------

OS:
 Windows 10 , 64 bit Build 19041 (10.0.19041.2251)
OS uptime: 14 days 2:36 hours
HyperV virtualization detected

CPU: total 4 (initial active 4) (2 cores per cpu, 2 threads per core) family 6 model 37 stepping 2 microcode 0x11, cmov, cx8, fxsr, mmx, sse, sse2, sse3, ssse3, sse4.1, sse4.2, popcnt, aes, clmul, ht, tsc, tscinvbit, clflush

Memory: 4k page, system-wide physical 7862M (1832M free)
TotalPageFile size 7862M (AvailPageFile size 27M)
current process WorkingSet (physical memory assigned to process): 10M, peak: 10M
current process commit charge ("private bytes"): 51M, peak: 175M

vm_info: Java HotSpot(TM) 64-Bit Server VM (15.0.1+9-18) for windows-amd64 JRE (15.0.1+9-18), built on Sep 15 2020 14:43:54 by "mach5one" with unknown MS VC++:1925

END.
